<?xml version="1.0" encoding="UTF-8" standalone="yes"?><!DOCTYPE report PUBLIC "-//JACOCO//DTD Report 1.1//EN" "report.dtd"><report name="tartan"><sessioninfo id="wtkuan-daf70531" start="1739462175713" dump="1739462176593"/><package name="tartan/smarthome/resources"><class name="tartan/smarthome/resources/StaticTartanStateEvaluator" sourcefilename="StaticTartanStateEvaluator.java"><method name="&lt;init&gt;" desc="()V" line="10"><counter type="INSTRUCTION" missed="0" covered="3"/><counter type="LINE" missed="0" covered="1"/><counter type="COMPLEXITY" missed="0" covered="1"/><counter type="METHOD" missed="0" covered="1"/></method><method name="formatLogEntry" desc="(Ljava/lang/String;)Ljava/lang/String;" line="13"><counter type="INSTRUCTION" missed="0" covered="18"/><counter type="LINE" missed="0" covered="3"/><counter type="COMPLEXITY" missed="0" covered="1"/><counter type="METHOD" missed="0" covered="1"/></method><method name="evaluateState" desc="(Ljava/util/Map;Ljava/lang/StringBuffer;)Ljava/util/Map;" line="31"><counter type="INSTRUCTION" missed="98" covered="621"/><counter type="BRANCH" missed="25" covered="103"/><counter type="LINE" missed="21" covered="142"/><counter type="COMPLEXITY" missed="19" covered="46"/><counter type="METHOD" missed="0" covered="1"/></method><counter type="INSTRUCTION" missed="98" covered="642"/><counter type="BRANCH" missed="25" covered="103"/><counter type="LINE" missed="21" covered="146"/><counter type="COMPLEXITY" missed="19" covered="48"/><counter type="METHOD" missed="0" covered="3"/><counter type="CLASS" missed="0" covered="1"/></class><sourcefile name="StaticTartanStateEvaluator.java"><line nr="10" mi="0" ci="3" mb="0" cb="0"/><line nr="13" mi="0" ci="3" mb="0" cb="0"/><line nr="14" mi="0" ci="5" mb="0" cb="0"/><line nr="15" mi="0" ci="10" mb="0" cb="0"/><line nr="31" mi="0" ci="2" mb="0" cb="0"/><line nr="32" mi="0" ci="2" mb="0" cb="0"/><line nr="33" mi="0" ci="2" mb="0" cb="0"/><line nr="34" mi="0" ci="2" mb="0" cb="0"/><line nr="35" mi="0" ci="2" mb="0" cb="0"/><line nr="36" mi="0" ci="2" mb="0" cb="0"/><line nr="37" mi="0" ci="2" mb="0" cb="0"/><line nr="38" mi="0" ci="2" mb="0" cb="0"/><line nr="39" mi="0" ci="2" mb="0" cb="0"/><line nr="40" mi="0" ci="2" mb="0" cb="0"/><line nr="41" mi="0" ci="2" mb="0" cb="0"/><line nr="42" mi="0" ci="3" mb="0" cb="0"/><line nr="43" mi="0" ci="3" mb="0" cb="0"/><line nr="44" mi="0" ci="2" mb="0" cb="0"/><line nr="45" mi="0" ci="2" mb="0" cb="0"/><line nr="46" mi="0" ci="2" mb="0" cb="0"/><line nr="48" mi="0" ci="3" mb="0" cb="0"/><line nr="49" mi="0" ci="3" mb="0" cb="0"/><line nr="50" mi="0" ci="3" mb="0" cb="0"/><line nr="52" mi="0" ci="3" mb="0" cb="0"/><line nr="54" mi="0" ci="3" mb="0" cb="0"/><line nr="55" mi="0" ci="10" mb="0" cb="2"/><line nr="57" mi="0" ci="4" mb="0" cb="2"/><line nr="58" mi="0" ci="6" mb="0" cb="0"/><line nr="59" mi="0" ci="4" mb="0" cb="2"/><line nr="60" mi="0" ci="6" mb="0" cb="0"/><line nr="61" mi="0" ci="4" mb="0" cb="2"/><line nr="62" mi="0" ci="6" mb="0" cb="0"/><line nr="63" mi="0" ci="4" mb="0" cb="2"/><line nr="64" mi="0" ci="6" mb="0" cb="0"/><line nr="65" mi="0" ci="4" mb="0" cb="2"/><line nr="66" mi="0" ci="6" mb="0" cb="0"/><line nr="67" mi="0" ci="4" mb="0" cb="2"/><line nr="68" mi="0" ci="6" mb="0" cb="0"/><line nr="69" mi="0" ci="4" mb="0" cb="2"/><line nr="70" mi="0" ci="6" mb="0" cb="0"/><line nr="71" mi="0" ci="4" mb="0" cb="2"/><line nr="72" mi="0" ci="6" mb="0" cb="0"/><line nr="73" mi="0" ci="4" mb="0" cb="2"/><line nr="74" mi="0" ci="6" mb="0" cb="0"/><line nr="75" mi="0" ci="4" mb="0" cb="2"/><line nr="76" mi="0" ci="6" mb="0" cb="0"/><line nr="77" mi="0" ci="4" mb="0" cb="2"/><line nr="78" mi="0" ci="6" mb="0" cb="0"/><line nr="79" mi="0" ci="4" mb="0" cb="2"/><line nr="80" mi="0" ci="6" mb="0" cb="0"/><line nr="81" mi="0" ci="4" mb="0" cb="2"/><line nr="82" mi="0" ci="6" mb="0" cb="0"/><line nr="83" mi="0" ci="4" mb="0" cb="2"/><line nr="85" mi="0" ci="8" mb="0" cb="0"/><line nr="86" mi="0" ci="4" mb="0" cb="2"/><line nr="87" mi="0" ci="6" mb="0" cb="0"/><line nr="88" mi="0" ci="4" mb="0" cb="2"/><line nr="89" mi="0" ci="6" mb="0" cb="0"/><line nr="90" mi="0" ci="4" mb="0" cb="2"/><line nr="91" mi="0" ci="6" mb="0" cb="0"/><line nr="92" mi="0" ci="4" mb="1" cb="1"/><line nr="93" mi="0" ci="5" mb="0" cb="0"/><line nr="95" mi="0" ci="1" mb="0" cb="0"/><line nr="97" mi="0" ci="4" mb="0" cb="2"/><line nr="99" mi="0" ci="3" mb="0" cb="2"/><line nr="100" mi="0" ci="6" mb="0" cb="0"/><line nr="101" mi="0" ci="4" mb="0" cb="0"/><line nr="104" mi="0" ci="7" mb="0" cb="0"/><line nr="106" mi="0" ci="3" mb="1" cb="1"/><line nr="107" mi="6" ci="0" mb="0" cb="0"/><line nr="111" mi="0" ci="3" mb="0" cb="2"/><line nr="112" mi="0" ci="6" mb="0" cb="4"/><line nr="115" mi="0" ci="6" mb="0" cb="0"/><line nr="116" mi="0" ci="4" mb="0" cb="0"/><line nr="119" mi="0" ci="3" mb="0" cb="2"/><line nr="121" mi="0" ci="3" mb="0" cb="0"/><line nr="122" mi="0" ci="7" mb="0" cb="0"/><line nr="124" mi="0" ci="7" mb="0" cb="0"/><line nr="132" mi="0" ci="3" mb="1" cb="1"/><line nr="134" mi="0" ci="6" mb="0" cb="4"/><line nr="135" mi="0" ci="6" mb="0" cb="0"/><line nr="136" mi="0" ci="4" mb="0" cb="0"/><line nr="138" mi="0" ci="6" mb="0" cb="0"/><line nr="143" mi="0" ci="4" mb="1" cb="1"/><line nr="144" mi="3" ci="0" mb="0" cb="0"/><line nr="145" mi="3" ci="0" mb="0" cb="0"/><line nr="146" mi="3" ci="0" mb="0" cb="0"/><line nr="150" mi="0" ci="6" mb="1" cb="3"/><line nr="151" mi="0" ci="3" mb="0" cb="0"/><line nr="152" mi="0" ci="3" mb="0" cb="0"/><line nr="153" mi="0" ci="6" mb="0" cb="0"/><line nr="157" mi="0" ci="3" mb="0" cb="2"/><line nr="158" mi="0" ci="6" mb="0" cb="0"/><line nr="161" mi="0" ci="6" mb="0" cb="4"/><line nr="162" mi="0" ci="3" mb="0" cb="0"/><line nr="163" mi="0" ci="6" mb="0" cb="0"/><line nr="169" mi="0" ci="3" mb="0" cb="2"/><line nr="170" mi="0" ci="7" mb="0" cb="0"/><line nr="173" mi="0" ci="3" mb="1" cb="1"/><line nr="175" mi="0" ci="3" mb="0" cb="2"/><line nr="176" mi="0" ci="3" mb="0" cb="0"/><line nr="178" mi="0" ci="6" mb="0" cb="0"/><line nr="181" mi="0" ci="3" mb="1" cb="1"/><line nr="182" mi="7" ci="0" mb="4" cb="0"/><line nr="183" mi="6" ci="0" mb="0" cb="0"/><line nr="184" mi="4" ci="0" mb="0" cb="0"/><line nr="187" mi="6" ci="0" mb="0" cb="0"/><line nr="188" mi="3" ci="0" mb="0" cb="0"/><line nr="193" mi="0" ci="3" mb="0" cb="2"/><line nr="194" mi="0" ci="6" mb="0" cb="0"/><line nr="197" mi="0" ci="3" mb="0" cb="2"/><line nr="198" mi="0" ci="3" mb="0" cb="0"/><line nr="206" mi="0" ci="18" mb="1" cb="11"/><line nr="207" mi="0" ci="6" mb="0" cb="0"/><line nr="208" mi="0" ci="3" mb="0" cb="0"/><line nr="210" mi="1" ci="0" mb="0" cb="0"/><line nr="212" mi="6" ci="0" mb="0" cb="0"/><line nr="213" mi="0" ci="1" mb="0" cb="0"/><line nr="217" mi="0" ci="5" mb="0" cb="2"/><line nr="218" mi="0" ci="8" mb="0" cb="0"/><line nr="220" mi="0" ci="4" mb="0" cb="0"/><line nr="225" mi="0" ci="3" mb="0" cb="0"/><line nr="228" mi="0" ci="5" mb="1" cb="1"/><line nr="230" mi="2" ci="0" mb="2" cb="0"/><line nr="231" mi="3" ci="0" mb="2" cb="0"/><line nr="232" mi="8" ci="0" mb="0" cb="0"/><line nr="234" mi="4" ci="0" mb="0" cb="0"/><line nr="240" mi="0" ci="3" mb="0" cb="0"/><line nr="244" mi="0" ci="3" mb="1" cb="1"/><line nr="245" mi="3" ci="0" mb="0" cb="0"/><line nr="246" mi="0" ci="3" mb="0" cb="2"/><line nr="247" mi="0" ci="2" mb="0" cb="0"/><line nr="251" mi="0" ci="4" mb="0" cb="2"/><line nr="253" mi="0" ci="4" mb="1" cb="1"/><line nr="254" mi="6" ci="0" mb="0" cb="0"/><line nr="257" mi="0" ci="3" mb="0" cb="0"/><line nr="258" mi="0" ci="3" mb="0" cb="0"/><line nr="261" mi="0" ci="4" mb="1" cb="1"/><line nr="263" mi="4" ci="0" mb="2" cb="0"/><line nr="264" mi="6" ci="0" mb="0" cb="0"/><line nr="267" mi="3" ci="0" mb="0" cb="0"/><line nr="270" mi="4" ci="3" mb="3" cb="1"/><line nr="271" mi="7" ci="0" mb="0" cb="0"/><line nr="273" mi="0" ci="6" mb="0" cb="0"/><line nr="274" mi="0" ci="3" mb="0" cb="0"/><line nr="278" mi="0" ci="6" mb="0" cb="4"/><line nr="279" mi="0" ci="3" mb="0" cb="0"/><line nr="280" mi="0" ci="7" mb="0" cb="0"/><line nr="281" mi="0" ci="3" mb="0" cb="2"/><line nr="282" mi="0" ci="6" mb="0" cb="0"/><line nr="285" mi="0" ci="4" mb="0" cb="0"/><line nr="286" mi="0" ci="5" mb="0" cb="0"/><line nr="287" mi="0" ci="5" mb="0" cb="0"/><line nr="288" mi="0" ci="5" mb="0" cb="0"/><line nr="289" mi="0" ci="5" mb="0" cb="0"/><line nr="290" mi="0" ci="5" mb="0" cb="0"/><line nr="291" mi="0" ci="5" mb="0" cb="0"/><line nr="292" mi="0" ci="5" mb="0" cb="0"/><line nr="293" mi="0" ci="5" mb="0" cb="0"/><line nr="294" mi="0" ci="5" mb="0" cb="0"/><line nr="295" mi="0" ci="5" mb="0" cb="0"/><line nr="296" mi="0" ci="5" mb="0" cb="0"/><line nr="297" mi="0" ci="5" mb="0" cb="0"/><line nr="298" mi="0" ci="5" mb="0" cb="0"/><line nr="299" mi="0" ci="5" mb="0" cb="0"/><line nr="300" mi="0" ci="5" mb="0" cb="0"/><line nr="302" mi="0" ci="2" mb="0" cb="0"/><counter type="INSTRUCTION" missed="98" covered="642"/><counter type="BRANCH" missed="25" covered="103"/><counter type="LINE" missed="21" covered="146"/><counter type="COMPLEXITY" missed="19" covered="48"/><counter type="METHOD" missed="0" covered="3"/><counter type="CLASS" missed="0" covered="1"/></sourcefile><counter type="INSTRUCTION" missed="98" covered="642"/><counter type="BRANCH" missed="25" covered="103"/><counter type="LINE" missed="21" covered="146"/><counter type="COMPLEXITY" missed="19" covered="48"/><counter type="METHOD" missed="0" covered="3"/><counter type="CLASS" missed="0" covered="1"/></package><counter type="INSTRUCTION" missed="98" covered="642"/><counter type="BRANCH" missed="25" covered="103"/><counter type="LINE" missed="21" covered="146"/><counter type="COMPLEXITY" missed="19" covered="48"/><counter type="METHOD" missed="0" covered="3"/><counter type="CLASS" missed="0" covered="1"/></report>